============================================================================
| ACPYPE: AnteChamber PYthon Parser interfacE v. 2023.10.27 (c) 2023 AWSdS |
============================================================================
DEBUG: CLI: -i output.mol2 -f
DEBUG: Python Version 3.11.6 | packaged by conda-forge | (main, Oct 3 2023, 10:40:35) [GCC 12.3.0]
DEBUG: Max execution time tolerance is 3h
DEBUG: /home/yutao/anaconda3/envs/dmff/bin/antechamber -dr no -i output.mol2 -fi mol2 -o tmp -fo ac -pf y
DEBUG: 
Welcome to antechamber 22.0: molecular input file processor.

Info: The atom type is set to gaff; the options available to the -at flag are
 gaff, gaff2, amber, bcc, and sybyl.

Warning: For atom (ID: 1, Name: Al) the best APS is not zero.
 Bonds involving this atom are frozen.
Warning: For atom (ID: 2, Name: Al1) the best APS is not zero.
 Bonds involving this atom are frozen.
Warning: For atom (ID: 3, Name: Al2) the best APS is not zero.
 Bonds involving this atom are frozen.
Warning: For atom (ID: 4, Name: Al3) the best APS is not zero.
 Bonds involving this atom are frozen.
Warning: For atom (ID: 28, Name: O3) the best APS is not zero.
 Bonds involving this atom are frozen.
Warning: For atom (ID: 41, Name: O16) the best APS is not zero.
 Bonds involving this atom are frozen.
Warning: The assigned bond types may be wrong, please :
(1) double check the structure (the connectivity) and/or 
(2) adjust atom valence penalty parameters in APS.DAT, and/or 
(3) increase PSCUTOFF in define.h and recompile bondtype.c
 (be cautious, using a large value of PSCUTOFF (>100) will 
 significantly increase the computation time).

ERROR: Atoms TOO scattered (> 3.0 Ang.)
ERROR: ++++++++++start_quote+++++++++++++++++++++++++++++++++++++++++++++++++++++++++++
ERROR: ['ATOM 41 O16 ']
ERROR: ++++++++++end_quote+++++++++++++++++++++++++++++++++++++++++++++++++++++++++++++
WARNING: You chose to proceed anyway with '-f' option. GOOD LUCK!
DEBUG: setResNameCheckCoords done
WARNING: no charge value given, trying to guess one...
DEBUG: /home/yutao/anaconda3/envs/dmff/bin/antechamber -dr no -i output.mol2 -fi mol2 -o tmp -fo mol2 -c gas -pf n
DEBUG: /home/yutao/anaconda3/envs/dmff/bin/antechamber -dr no -i tmp -fi mol2 -o tmp -fo mol2 -c wc -cf tmp.crg -pf n
DEBUG: ++++++++++start_quote+++++++++++++++++++++++++++++++++++++++++++++++++++++++++++
DEBUG: 
Welcome to antechamber 22.0: molecular input file processor.

Info: The atom type is set to gaff; the options available to the -at flag are
 gaff, gaff2, amber, bcc, and sybyl.


DEBUG: ++++++++++end_quote+++++++++++++++++++++++++++++++++++++++++++++++++++++++++++++
DEBUG: readMol2TotalCharge: 0
ERROR: guessCharge failed
ERROR: ++++++++++start_quote+++++++++++++++++++++++++++++++++++++++++++++++++++++++++++
ERROR: Welcome to antechamber 22.0: molecular input file processor.

Info: The atom type is set to gaff; the options available to the -at flag are
 gaff, gaff2, amber, bcc, and sybyl.

Warning: For atom (ID: 1, Name: Al) the best APS is not zero.
 Bonds involving this atom are frozen.
Warning: For atom (ID: 2, Name: Al1) the best APS is not zero.
 Bonds involving this atom are frozen.
Warning: For atom (ID: 3, Name: Al2) the best APS is not zero.
 Bonds involving this atom are frozen.
Warning: For atom (ID: 4, Name: Al3) the best APS is not zero.
 Bonds involving this atom are frozen.
Warning: For atom (ID: 28, Name: O3) the best APS is not zero.
 Bonds involving this atom are frozen.
Warning: For atom (ID: 41, Name: O16) the best APS is not zero.
 Bonds involving this atom are frozen.
Warning: The assigned bond types may be wrong, please :
(1) double check the structure (the connectivity) and/or 
(2) adjust atom valence penalty parameters in APS.DAT, and/or 
(3) increase PSCUTOFF in define.h and recompile bondtype.c
 (be cautious, using a large value of PSCUTOFF (>100) will 
 significantly increase the computation time).
/home/yutao/anaconda3/envs/dmff/bin/wrapped_progs/antechamber: Fatal Error!
No Gasteiger parameter for atom (ID: 0, Name: Al, Type: DU).
ERROR: ++++++++++end_quote+++++++++++++++++++++++++++++++++++++++++++++++++++++++++++++
==> Trying with net charge = 0 ...
DEBUG: Net charge drift '0.000000'
==> ... charge set to 0
==> Executing Antechamber...
DEBUG: /home/yutao/anaconda3/envs/dmff/bin/antechamber -dr no -i output.mol2 -fi mol2 -o output_bcc_gaff2.mol2 -fo mol2 -c bcc -nc 0 -m 1 -s 2 -df 2 -at gaff2 -pf n 
DEBUG: No file left to be removed
ERROR: ++++++++++start_quote+++++++++++++++++++++++++++++++++++++++++++++++++++++++++++
ERROR: 
Welcome to antechamber 22.0: molecular input file processor.

Info: The atom type is set to gaff2; the options available to the -at flag are
 gaff, gaff2, amber, bcc, and sybyl.

Info: Finished reading file (output.mol2); atoms read (43), bonds read (36).
Info: Determining atomic numbers from atomic symbols which are case sensitive.
Running: /home/yutao/anaconda3/envs/dmff/bin/bondtype -j full -i ANTECHAMBER_BOND_TYPE.AC0 -o ANTECHAMBER_BOND_TYPE.AC -f ac
Warning: For atom (ID: 1, Name: Al) the best APS is not zero.
 Bonds involving this atom are frozen.
Warning: For atom (ID: 2, Name: Al1) the best APS is not zero.
 Bonds involving this atom are frozen.
Warning: For atom (ID: 3, Name: Al2) the best APS is not zero.
 Bonds involving this atom are frozen.
Warning: For atom (ID: 4, Name: Al3) the best APS is not zero.
 Bonds involving this atom are frozen.
Warning: For atom (ID: 28, Name: O3) the best APS is not zero.
 Bonds involving this atom are frozen.
Warning: For atom (ID: 41, Name: O16) the best APS is not zero.
 Bonds involving this atom are frozen.
Warning: The assigned bond types may be wrong, please :
(1) double check the structure (the connectivity) and/or 
(2) adjust atom valence penalty parameters in APS.DAT, and/or 
(3) increase PSCUTOFF in define.h and recompile bondtype.c
 (be cautious, using a large value of PSCUTOFF (>100) will 
 significantly increase the computation time).

Running: /home/yutao/anaconda3/envs/dmff/bin/atomtype -i ANTECHAMBER_AC.AC0 -o ANTECHAMBER_AC.AC -p gaff2
Info: Total number of electrons: 272; net charge: 0

Running: /home/yutao/anaconda3/envs/dmff/bin/sqm -O -i sqm.in -o sqm.out
/home/yutao/anaconda3/envs/dmff/bin/wrapped_progs/antechamber: Fatal Error!
Cannot properly run "/home/yutao/anaconda3/envs/dmff/bin/sqm -O -i sqm.in -o sqm.out".

ERROR: ++++++++++end_quote+++++++++++++++++++++++++++++++++++++++++++++++++++++++++++++
ERROR: Antechamber failed
DEBUG: /home/yutao/anaconda3/envs/dmff/bin/parmchk2 -i output_bcc_gaff2.mol2 -f mol2 -o output_AC.frcmod -s 2
ERROR: ++++++++++start_quote+++++++++++++++++++++++++++++++++++++++++++++++++++++++++++
ERROR: Cannot open file (output_bcc_gaff2.mol2) with mode (r).
No such file or directory
ERROR: ++++++++++end_quote+++++++++++++++++++++++++++++++++++++++++++++++++++++++++++++
ERROR: Parmchk failed
ERROR: Tleap failed
==> Removing temporary files...
ERROR: ACPYPE FAILED: [Errno 2] No such file or directory: 'output_AC.prmtop'
Traceback (most recent call last):
  File "/home/yutao/anaconda3/envs/dmff/lib/python3.11/site-packages/acpype/cli.py", line 138, in init_main
    molecule.createMolTopol()
  File "/home/yutao/anaconda3/envs/dmff/lib/python3.11/site-packages/acpype/topol.py", line 1115, in createMolTopol
    self.topFileData = open(self.acTopFileName).readlines()
                       ^^^^^^^^^^^^^^^^^^^^^^^^
FileNotFoundError: [Errno 2] No such file or directory: 'output_AC.prmtop'
Total time of execution: 9s
DEBUG: No tmp folder left to be removed
